c:\users\leole\source\repos\activatecortana\x64\release\activatecortana.ipdb
c:\users\leole\source\repos\activatecortana\x64\release\activatecortana.iobj
c:\users\leole\source\repos\activatecortana\activatecortana\x64\release\activatecortana.pch
c:\users\leole\source\repos\activatecortana\activatecortana\x64\release\vc141.pdb
c:\users\leole\source\repos\activatecortana\activatecortana\x64\release\stdafx.obj
c:\users\leole\source\repos\activatecortana\activatecortana\x64\release\activatecortanadlg.obj
c:\users\leole\source\repos\activatecortana\activatecortana\x64\release\activatecortana.obj
c:\users\leole\source\repos\activatecortana\x64\release\activatecortana.exe
c:\users\leole\source\repos\activatecortana\x64\release\activatecortana.pdb
c:\users\leole\source\repos\activatecortana\activatecortana\x64\release\activatecortana.res
c:\users\leole\source\repos\activatecortana\activatecortana\x64\release\activatecortana.tlog\activatecortana.write.1u.tlog
c:\users\leole\source\repos\activatecortana\activatecortana\x64\release\activatecortana.tlog\cl.command.1.tlog
c:\users\leole\source\repos\activatecortana\activatecortana\x64\release\activatecortana.tlog\cl.read.1.tlog
c:\users\leole\source\repos\activatecortana\activatecortana\x64\release\activatecortana.tlog\cl.write.1.tlog
c:\users\leole\source\repos\activatecortana\activatecortana\x64\release\activatecortana.tlog\link.command.1.tlog
c:\users\leole\source\repos\activatecortana\activatecortana\x64\release\activatecortana.tlog\link.read.1.tlog
c:\users\leole\source\repos\activatecortana\activatecortana\x64\release\activatecortana.tlog\link.write.1.tlog
c:\users\leole\source\repos\activatecortana\activatecortana\x64\release\activatecortana.tlog\rc.command.1.tlog
c:\users\leole\source\repos\activatecortana\activatecortana\x64\release\activatecortana.tlog\rc.read.1.tlog
c:\users\leole\source\repos\activatecortana\activatecortana\x64\release\activatecortana.tlog\rc.write.1.tlog
